<?xml version="1.0" encoding="UTF-8"?>
<!-- Generated by org.testng.reporters.JUnitReportReporter -->
<testsuite hostname="TTNDALAPLIN009" failures="0" tests="2" name="testCases.LoginValidation" time="10.717" errors="0" timestamp="2022-09-07T15:27:15 IST" skipped="0">
  <testcase classname="testCases.LoginValidation" name="doLogin" time="5.968"/>
  <system-out/>
  <testcase classname="testCases.LoginValidation" name="doLogin1" time="4.749"/>
  <system-out/>
</testsuite> <!-- testCases.LoginValidation -->
