<?xml version="1.0" encoding="UTF-8"?>
<!-- Generated by org.testng.reporters.JUnitReportReporter -->
<testsuite hostname="TTNDALAPLIN009" failures="0" tests="1" name="useCases.TempSrchUC" time="5.243" errors="0" timestamp="2022-08-14T20:32:31 IST" skipped="0">
  <testcase classname="useCases.TempSrchUC" name="verifySearchTemplate" time="5.243"/>
  <system-out/>
</testsuite> <!-- useCases.TempSrchUC -->
